<?xml version="1.0" encoding="UTF-8"?>
<testsuite xmlns:xsi="http://www.w3.org/2001/XMLSchema-instance" xsi:noNamespaceSchemaLocation="https://maven.apache.org/surefire/maven-surefire-plugin/xsd/surefire-test-report-3.0.xsd" version="3.0" name="br.edu.ifsul.cc.lpoo_studiodanca.TestePersistenciaContratoPagamento" time="1.424" tests="1" errors="0" skipped="0" failures="0">
  <properties>
[...]
</properties>
  <testcase name="testePersistenciaContratoPagamento" classname="br.edu.ifsul.cc.lpoo_studiodanca.TestePersistenciaContratoPagamento" time="0.163">
    <system-out><![CDATA[Hibernate: 
    
    alter table Pacote 
       drop constraint FK6dyuayf0jevcpws6uyrn51275
Hibernate: 
    
    alter table Pagamento 
       drop constraint FKlx5nl939nxyfdqe1da3c8uarl
Hibernate: 
    
    drop table if exists Contrato cascade
Hibernate: 
    
    drop table if exists Modalidade cascade
Hibernate: 
    
    drop table if exists Pacote cascade
Hibernate: 
    
    drop table if exists Pagamento cascade
Hibernate: 
    
    drop sequence if exists hibernate_sequence
Hibernate: create sequence hibernate_sequence start 1 increment 1
Hibernate: 
    
    create table Contrato (
       id int4 not null,
        dataInicio timestamp,
        formaPagamento varchar(255),
        valorDesconto float8,
        primary key (id)
    )
Hibernate: 
    
    create table Modalidade (
       id int4 not null,
        descricao varchar(255),
        primary key (id)
    )
Hibernate: 
    
    create table Pacote (
       id int4 not null,
        descricao varchar(120),
        valor float8,
        modalidade_id int4,
        primary key (id)
    )
Hibernate: 
    
    create table Pagamento (
       id int4 not null,
        dataPgto timestamp,
        dataVcto date,
        valor float8,
        valorPgto float8,
        contrato_id int4,
        primary key (id)
    )
Hibernate: 
    
    alter table Pacote 
       add constraint FK6dyuayf0jevcpws6uyrn51275 
       foreign key (modalidade_id) 
       references Modalidade
Hibernate: 
    
    alter table Pagamento 
       add constraint FKlx5nl939nxyfdqe1da3c8uarl 
       foreign key (contrato_id) 
       references Contrato
Hibernate: 
    
    alter table Pacote 
       drop constraint FK6dyuayf0jevcpws6uyrn51275
Hibernate: 
    
    alter table Pagamento 
       drop constraint FKlx5nl939nxyfdqe1da3c8uarl
Hibernate: 
    
    drop table if exists Contrato cascade
Hibernate: 
    
    drop table if exists Modalidade cascade
Hibernate: 
    
    drop table if exists Pacote cascade
Hibernate: 
    
    drop table if exists Pagamento cascade
Hibernate: 
    
    drop sequence if exists hibernate_sequence
Hibernate: create sequence hibernate_sequence start 1 increment 1
Hibernate: 
    
    create table Contrato (
       id int4 not null,
        dataInicio timestamp,
        formaPagamento varchar(255),
        valorDesconto float8,
        primary key (id)
    )
Hibernate: 
    
    create table Modalidade (
       id int4 not null,
        descricao varchar(255),
        primary key (id)
    )
Hibernate: 
    
    create table Pacote (
       id int4 not null,
        descricao varchar(120),
        valor float8,
        modalidade_id int4,
        primary key (id)
    )
Hibernate: 
    
    create table Pagamento (
       id int4 not null,
        dataPgto timestamp,
        dataVcto date,
        valor float8,
        valorPgto float8,
        contrato_id int4,
        primary key (id)
    )
Hibernate: 
    
    alter table Pacote 
       add constraint FK6dyuayf0jevcpws6uyrn51275 
       foreign key (modalidade_id) 
       references Modalidade
Hibernate: 
    
    alter table Pagamento 
       add constraint FKlx5nl939nxyfdqe1da3c8uarl 
       foreign key (contrato_id) 
       references Contrato
Hibernate: 
    select
        nextval ('hibernate_sequence')
Hibernate: 
    /* insert br.edu.ifsul.cc.lpoo_studiodanca.dao.model.Contrato
        */ insert 
        into
            Contrato
            (dataInicio, formaPagamento, valorDesconto, id) 
        values
            (?, ?, ?, ?)
Hibernate: 
    select
        nextval ('hibernate_sequence')
Hibernate: 
    /* insert br.edu.ifsul.cc.lpoo_studiodanca.dao.model.Pagamento
        */ insert 
        into
            Pagamento
            (contrato_id, dataPgto, dataVcto, valor, valorPgto, id) 
        values
            (?, ?, ?, ?, ?, ?)
]]></system-out>
    <system-err><![CDATA[abr. 15, 2024 6:01:26 PM org.hibernate.ejb.HibernatePersistence logDeprecation
WARN: HHH015016: Encountered a deprecated javax.persistence.spi.PersistenceProvider [org.hibernate.ejb.HibernatePersistence]; use [org.hibernate.jpa.HibernatePersistenceProvider] instead.
abr. 15, 2024 6:01:26 PM org.hibernate.ejb.HibernatePersistence logDeprecation
WARN: HHH015016: Encountered a deprecated javax.persistence.spi.PersistenceProvider [org.hibernate.ejb.HibernatePersistence]; use [org.hibernate.jpa.HibernatePersistenceProvider] instead.
abr. 15, 2024 6:01:26 PM org.hibernate.jpa.internal.util.LogHelper logPersistenceUnitInformation
INFO: HHH000204: Processing PersistenceUnitInfo [
	name: pu_studiodanca
	...]
abr. 15, 2024 6:01:27 PM org.hibernate.Version logVersion
INFO: HHH000412: Hibernate Core {5.3.3.Final}
abr. 15, 2024 6:01:27 PM org.hibernate.cfg.Environment <clinit>
INFO: HHH000206: hibernate.properties not found
abr. 15, 2024 6:01:27 PM org.hibernate.annotations.common.reflection.java.JavaReflectionManager <clinit>
INFO: HCANN000001: Hibernate Commons Annotations {5.0.4.Final}
abr. 15, 2024 6:01:27 PM org.hibernate.engine.jdbc.connections.internal.DriverManagerConnectionProviderImpl configure
WARN: HHH10001002: Using Hibernate built-in connection pool (not for production use!)
abr. 15, 2024 6:01:27 PM org.hibernate.engine.jdbc.connections.internal.DriverManagerConnectionProviderImpl buildCreator
INFO: HHH10001005: using driver [org.postgresql.Driver] at URL [jdbc:postgresql://localhost:5432/db_studiodanca]
abr. 15, 2024 6:01:27 PM org.hibernate.engine.jdbc.connections.internal.DriverManagerConnectionProviderImpl buildCreator
INFO: HHH10001001: Connection properties: {password=****, user=postgres}
abr. 15, 2024 6:01:27 PM org.hibernate.engine.jdbc.connections.internal.DriverManagerConnectionProviderImpl buildCreator
INFO: HHH10001003: Autocommit mode: false
abr. 15, 2024 6:01:27 PM org.hibernate.engine.jdbc.connections.internal.DriverManagerConnectionProviderImpl$PooledConnections <init>
INFO: HHH000115: Hibernate connection pool size: 20 (min=1)
abr. 15, 2024 6:01:27 PM org.hibernate.dialect.Dialect <init>
INFO: HHH000400: Using dialect: org.hibernate.dialect.PostgreSQLDialect
abr. 15, 2024 6:01:27 PM org.hibernate.engine.jdbc.env.internal.LobCreatorBuilderImpl useContextualLobCreation
INFO: HHH000421: Disabling contextual LOB creation as hibernate.jdbc.lob.non_contextual_creation is true
abr. 15, 2024 6:01:27 PM org.hibernate.type.BasicTypeRegistry register
INFO: HHH000270: Type registration [java.util.UUID] overrides previous : org.hibernate.type.UUIDBinaryType@37fbe4a8
abr. 15, 2024 6:01:27 PM org.hibernate.resource.transaction.backend.jdbc.internal.DdlTransactionIsolatorNonJtaImpl getIsolatedConnection
INFO: HHH10001501: Connection obtained from JdbcConnectionAccess [org.hibernate.engine.jdbc.env.internal.JdbcEnvironmentInitiator$ConnectionProviderJdbcConnectionAccess@61a91c9b] for (non-JTA) DDL execution was not in auto-commit mode; the Connection 'local transaction' will be committed and the Connection will be set into auto-commit mode.
abr. 15, 2024 6:01:27 PM org.hibernate.resource.transaction.backend.jdbc.internal.DdlTransactionIsolatorNonJtaImpl getIsolatedConnection
INFO: HHH10001501: Connection obtained from JdbcConnectionAccess [org.hibernate.engine.jdbc.env.internal.JdbcEnvironmentInitiator$ConnectionProviderJdbcConnectionAccess@2f9a4401] for (non-JTA) DDL execution was not in auto-commit mode; the Connection 'local transaction' will be committed and the Connection will be set into auto-commit mode.
abr. 15, 2024 6:01:27 PM org.hibernate.tool.schema.internal.SchemaCreatorImpl applyImportSources
INFO: HHH000476: Executing import script 'org.hibernate.tool.schema.internal.exec.ScriptSourceInputNonExistentImpl@c017175'
abr. 15, 2024 6:01:28 PM org.hibernate.ejb.HibernatePersistence logDeprecation
WARN: HHH015016: Encountered a deprecated javax.persistence.spi.PersistenceProvider [org.hibernate.ejb.HibernatePersistence]; use [org.hibernate.jpa.HibernatePersistenceProvider] instead.
abr. 15, 2024 6:01:28 PM org.hibernate.ejb.HibernatePersistence logDeprecation
WARN: HHH015016: Encountered a deprecated javax.persistence.spi.PersistenceProvider [org.hibernate.ejb.HibernatePersistence]; use [org.hibernate.jpa.HibernatePersistenceProvider] instead.
abr. 15, 2024 6:01:28 PM org.hibernate.jpa.internal.util.LogHelper logPersistenceUnitInformation
INFO: HHH000204: Processing PersistenceUnitInfo [
	name: pu_studiodanca
	...]
abr. 15, 2024 6:01:28 PM org.hibernate.engine.jdbc.connections.internal.DriverManagerConnectionProviderImpl configure
WARN: HHH10001002: Using Hibernate built-in connection pool (not for production use!)
abr. 15, 2024 6:01:28 PM org.hibernate.engine.jdbc.connections.internal.DriverManagerConnectionProviderImpl buildCreator
INFO: HHH10001005: using driver [org.postgresql.Driver] at URL [jdbc:postgresql://localhost:5432/db_studiodanca]
abr. 15, 2024 6:01:28 PM org.hibernate.engine.jdbc.connections.internal.DriverManagerConnectionProviderImpl buildCreator
INFO: HHH10001001: Connection properties: {password=****, user=postgres}
abr. 15, 2024 6:01:28 PM org.hibernate.engine.jdbc.connections.internal.DriverManagerConnectionProviderImpl buildCreator
INFO: HHH10001003: Autocommit mode: false
abr. 15, 2024 6:01:28 PM org.hibernate.engine.jdbc.connections.internal.DriverManagerConnectionProviderImpl$PooledConnections <init>
INFO: HHH000115: Hibernate connection pool size: 20 (min=1)
abr. 15, 2024 6:01:28 PM org.hibernate.dialect.Dialect <init>
INFO: HHH000400: Using dialect: org.hibernate.dialect.PostgreSQLDialect
abr. 15, 2024 6:01:28 PM org.hibernate.engine.jdbc.env.internal.LobCreatorBuilderImpl useContextualLobCreation
INFO: HHH000421: Disabling contextual LOB creation as hibernate.jdbc.lob.non_contextual_creation is true
abr. 15, 2024 6:01:28 PM org.hibernate.type.BasicTypeRegistry register
INFO: HHH000270: Type registration [java.util.UUID] overrides previous : org.hibernate.type.UUIDBinaryType@37fbe4a8
abr. 15, 2024 6:01:28 PM org.hibernate.resource.transaction.backend.jdbc.internal.DdlTransactionIsolatorNonJtaImpl getIsolatedConnection
INFO: HHH10001501: Connection obtained from JdbcConnectionAccess [org.hibernate.engine.jdbc.env.internal.JdbcEnvironmentInitiator$ConnectionProviderJdbcConnectionAccess@10e5bf9c] for (non-JTA) DDL execution was not in auto-commit mode; the Connection 'local transaction' will be committed and the Connection will be set into auto-commit mode.
abr. 15, 2024 6:01:28 PM org.hibernate.resource.transaction.backend.jdbc.internal.DdlTransactionIsolatorNonJtaImpl getIsolatedConnection
INFO: HHH10001501: Connection obtained from JdbcConnectionAccess [org.hibernate.engine.jdbc.env.internal.JdbcEnvironmentInitiator$ConnectionProviderJdbcConnectionAccess@68c9e023] for (non-JTA) DDL execution was not in auto-commit mode; the Connection 'local transaction' will be committed and the Connection will be set into auto-commit mode.
abr. 15, 2024 6:01:28 PM org.hibernate.tool.schema.internal.SchemaCreatorImpl applyImportSources
INFO: HHH000476: Executing import script 'org.hibernate.tool.schema.internal.exec.ScriptSourceInputNonExistentImpl@c017175'
]]></system-err>
  </testcase>
</testsuite>